0 info it worked if it ends with ok
1 verbose cli [ 'C:\\Program Files\\nodejs\\node.exe',
1 verbose cli   'C:\\Program Files\\nodejs\\node_modules\\npm\\bin\\npm-cli.js',
1 verbose cli   'show' ]
2 info using npm@3.6.0
3 info using node@v5.6.0
4 verbose config Skipping project config: C:\Users\Michael/.npmrc. (matches userconfig)
5 verbose stack Error: Invalid package.json
5 verbose stack     at C:\Program Files\nodejs\node_modules\npm\lib\view.js:81:30
5 verbose stack     at ReadFileContext.<anonymous> (C:\Program Files\nodejs\node_modules\npm\node_modules\read-package-json\read-json.js:79:21)
5 verbose stack     at ReadFileContext.callback (C:\Program Files\nodejs\node_modules\npm\node_modules\graceful-fs\graceful-fs.js:76:16)
5 verbose stack     at FSReqWrap.readFileAfterOpen [as oncomplete] (fs.js:324:13)
6 verbose cwd C:\Users\Michael\Code\polichat
7 error Windows_NT 10.0.14393
8 error argv "C:\\Program Files\\nodejs\\node.exe" "C:\\Program Files\\nodejs\\node_modules\\npm\\bin\\npm-cli.js" "show"
9 error node v5.6.0
10 error npm  v3.6.0
11 error Invalid package.json
12 error If you need help, you may report this error at:
12 error     <https://github.com/npm/npm/issues>
13 verbose exit [ 1, true ]
